Flow report for zxgate
Fri Nov 20 11:55:39 2015
Quartus II 64-Bit Version 13.0.1 Build 232 06/12/2013 Service Pack 1 SJ Web Edition


---------------------
; Table of Contents ;
---------------------
  1. Legal Notice
  2. Flow Summary
  3. Flow Settings
  4. Flow Non-Default Global Settings
  5. Flow Elapsed Time
  6. Flow OS Summary
  7. Flow Log
  8. Flow Messages
  9. Flow Suppressed Messages



----------------
; Legal Notice ;
----------------
Copyright (C) 1991-2013 Altera Corporation
Your use of Altera Corporation's design tools, logic functions 
and other software and tools, and its AMPP partner logic 
functions, and any output files from any of the foregoing 
(including device programming or simulation files), and any 
associated documentation or information are expressly subject 
to the terms and conditions of the Altera Program License 
Subscription Agreement, Altera MegaCore Function License 
Agreement, or other applicable license agreement, including, 
without limitation, that your use is for the sole purpose of 
programming logic devices manufactured by Altera and sold by 
Altera or its authorized distributors.  Please refer to the 
applicable agreement for further details.



+--------------------------------------------------------------------------------------+
; Flow Summary                                                                         ;
+------------------------------------+-------------------------------------------------+
; Flow Status                        ; Successful - Fri Nov 20 11:55:39 2015           ;
; Quartus II 64-Bit Version          ; 13.0.1 Build 232 06/12/2013 SP 1 SJ Web Edition ;
; Revision Name                      ; zxgate                                          ;
; Top-level Entity Name              ; zx01xr                                          ;
; Family                             ; Cyclone II                                      ;
; Device                             ; EP2C5T144C8                                     ;
; Timing Models                      ; Final                                           ;
; Total logic elements               ; 2,668 / 4,608 ( 58 % )                          ;
;     Total combinational functions  ; 2,654 / 4,608 ( 58 % )                          ;
;     Dedicated logic registers      ; 546 / 4,608 ( 12 % )                            ;
; Total registers                    ; 546                                             ;
; Total pins                         ; 37 / 89 ( 42 % )                                ;
; Total virtual pins                 ; 0                                               ;
; Total memory bits                  ; 68,608 / 119,808 ( 57 % )                       ;
; Embedded Multiplier 9-bit elements ; 0 / 26 ( 0 % )                                  ;
; Total PLLs                         ; 0 / 2 ( 0 % )                                   ;
+------------------------------------+-------------------------------------------------+


+-----------------------------------------+
; Flow Settings                           ;
+-------------------+---------------------+
; Option            ; Setting             ;
+-------------------+---------------------+
; Start date & time ; 11/20/2015 11:54:59 ;
; Main task         ; Compilation         ;
; Revision Name     ; zxgate              ;
+-------------------+---------------------+


+----------------------------------------------------------------------------------------------------------------------------------------+
; Flow Non-Default Global Settings                                                                                                       ;
+-------------------------------------------------+---------------------------------------+---------------+-------------+----------------+
; Assignment Name                                 ; Value                                 ; Default Value ; Entity Name ; Section Id     ;
+-------------------------------------------------+---------------------------------------+---------------+-------------+----------------+
; COMPILER_SIGNATURE_ID                           ; 109956459132.144801689910342          ; --            ; --          ; --             ;
; EDA_OUTPUT_DATA_FORMAT                          ; Vhdl                                  ; --            ; --          ; eda_simulation ;
; EDA_SIMULATION_TOOL                             ; ModelSim-Altera (VHDL)                ; <None>        ; --          ; --             ;
; IP_TOOL_NAME                                    ; ROM: 1-PORT                           ; --            ; --          ; --             ;
; IP_TOOL_NAME                                    ; RAM: 2-PORT                           ; --            ; --          ; --             ;
; IP_TOOL_VERSION                                 ; 13.0                                  ; --            ; --          ; --             ;
; IP_TOOL_VERSION                                 ; 13.0                                  ; --            ; --          ; --             ;
; MAX_CORE_JUNCTION_TEMP                          ; 85                                    ; --            ; --          ; --             ;
; MIN_CORE_JUNCTION_TEMP                          ; 0                                     ; --            ; --          ; --             ;
; MISC_FILE                                       ; rom81_inst.vhd                        ; --            ; --          ; --             ;
; MISC_FILE                                       ; rom81.cmp                             ; --            ; --          ; --             ;
; MISC_FILE                                       ; ramb4_s8_s8_inst.vhd                  ; --            ; --          ; --             ;
; MISC_FILE                                       ; ramb4_s8_s8.cmp                       ; --            ; --          ; --             ;
; PARTITION_COLOR                                 ; 16764057                              ; --            ; zx01xr      ; Top            ;
; PARTITION_FITTER_PRESERVATION_LEVEL             ; PLACEMENT_AND_ROUTING                 ; --            ; zx01xr      ; Top            ;
; PARTITION_NETLIST_TYPE                          ; SOURCE                                ; --            ; zx01xr      ; Top            ;
; PHYSICAL_SYNTHESIS_COMBO_LOGIC                  ; On                                    ; Off           ; --          ; --             ;
; PHYSICAL_SYNTHESIS_COMBO_LOGIC_FOR_AREA         ; On                                    ; Off           ; --          ; --             ;
; PHYSICAL_SYNTHESIS_MAP_LOGIC_TO_MEMORY_FOR_AREA ; On                                    ; Off           ; --          ; --             ;
; PHYSICAL_SYNTHESIS_REGISTER_RETIMING            ; On                                    ; Off           ; --          ; --             ;
; POWER_BOARD_THERMAL_MODEL                       ; None (CONSERVATIVE)                   ; --            ; --          ; --             ;
; POWER_PRESET_COOLING_SOLUTION                   ; 23 MM HEAT SINK WITH 200 LFPM AIRFLOW ; --            ; --          ; --             ;
; PROJECT_OUTPUT_DIRECTORY                        ; output_files                          ; --            ; --          ; --             ;
; TOP_LEVEL_ENTITY                                ; zx01xr                                ; zxgate        ; --          ; --             ;
+-------------------------------------------------+---------------------------------------+---------------+-------------+----------------+


+-------------------------------------------------------------------------------------------------------------------------------+
; Flow Elapsed Time                                                                                                             ;
+---------------------------+--------------+-------------------------+---------------------+------------------------------------+
; Module Name               ; Elapsed Time ; Average Processors Used ; Peak Virtual Memory ; Total CPU Time (on all processors) ;
+---------------------------+--------------+-------------------------+---------------------+------------------------------------+
; Analysis & Synthesis      ; 00:00:16     ; 1.0                     ; 662 MB              ; 00:00:15                           ;
; Fitter                    ; 00:00:13     ; 1.0                     ; 675 MB              ; 00:00:13                           ;
; Assembler                 ; 00:00:01     ; 1.0                     ; 542 MB              ; 00:00:01                           ;
; TimeQuest Timing Analyzer ; 00:00:01     ; 1.0                     ; 530 MB              ; 00:00:01                           ;
; EDA Netlist Writer        ; 00:00:02     ; 1.0                     ; 827 MB              ; 00:00:02                           ;
; Total                     ; 00:00:33     ; --                      ; --                  ; 00:00:32                           ;
+---------------------------+--------------+-------------------------+---------------------+------------------------------------+


+---------------------------------------------------------------------------------------------+
; Flow OS Summary                                                                             ;
+---------------------------+------------------+----------------+------------+----------------+
; Module Name               ; Machine Hostname ; OS Name        ; OS Version ; Processor type ;
+---------------------------+------------------+----------------+------------+----------------+
; Analysis & Synthesis      ; ubuntu-jjm7      ; Ubuntu 14.04.3 ; 14         ; x86_64         ;
; Fitter                    ; ubuntu-jjm7      ; Ubuntu 14.04.3 ; 14         ; x86_64         ;
; Assembler                 ; ubuntu-jjm7      ; Ubuntu 14.04.3 ; 14         ; x86_64         ;
; TimeQuest Timing Analyzer ; ubuntu-jjm7      ; Ubuntu 14.04.3 ; 14         ; x86_64         ;
; EDA Netlist Writer        ; ubuntu-jjm7      ; Ubuntu 14.04.3 ; 14         ; x86_64         ;
+---------------------------+------------------+----------------+------------+----------------+


------------
; Flow Log ;
------------
quartus_map --read_settings_files=on --write_settings_files=off zxgate -c zxgate
quartus_fit --read_settings_files=off --write_settings_files=off zxgate -c zxgate
quartus_asm --read_settings_files=off --write_settings_files=off zxgate -c zxgate
quartus_sta zxgate -c zxgate
quartus_eda --read_settings_files=off --write_settings_files=off zxgate -c zxgate



